d:\repos\lab01\lab01\debug\vc142.pdb
d:\repos\lab01\lab01\debug\vc142.idb
d:\repos\lab01\lab01\debug\ui.obj
d:\repos\lab01\lab01\debug\main.obj
d:\repos\lab01\lab01\debug\ccircle.obj
d:\repos\lab01\lab01\debug\cpoint.obj
d:\repos\lab01\lab01\debug\ccolor.obj
d:\repos\lab01\lab01\debug\cui.obj
d:\repos\lab01\lab01\debug\crect.obj
d:\repos\lab01\lab01\debug\ctri.obj
d:\repos\lab01\lab01\debug\cpoly.obj
d:\repos\lab01\lab01\debug\cmenu.obj
d:\repos\lab01\lab01\debug\cclearscreen.obj
d:\repos\lab01\lab01\debug\lab01.exe
d:\repos\lab01\lab01\debug\lab01.ilk
d:\repos\lab01\lab01\debug\lab01.pdb
d:\repos\lab01\lab01\debug\lab01.tlog\cl.command.1.tlog
d:\repos\lab01\lab01\debug\lab01.tlog\cl.read.1.tlog
d:\repos\lab01\lab01\debug\lab01.tlog\cl.write.1.tlog
d:\repos\lab01\lab01\debug\lab01.tlog\link.command.1.tlog
d:\repos\lab01\lab01\debug\lab01.tlog\link.read.1.tlog
d:\repos\lab01\lab01\debug\lab01.tlog\link.write.1.tlog
